2023-07-30 09:39:01,648ERROR   :错误代码：Handshake status 401 Unauthorized -+-+- {'date': 'Sun, 30 Jul 2023 01:39:02 GMT', 'content-type': 'application/json; charset=utf-8', 'connection': 'keep-alive', 'content-length': '76', 'server': 'kong/1.3.0'} -+-+- b'{"message":"HMAC signature cannot be verified: fail to retrieve credential"}'
2023-07-30 09:39:01,649INFO    :连接关闭
2023-07-30 09:40:29,980ERROR   :错误代码：Handshake status 401 Unauthorized -+-+- {'date': 'Sun, 30 Jul 2023 01:40:31 GMT', 'content-type': 'application/json; charset=utf-8', 'connection': 'keep-alive', 'content-length': '43', 'server': 'kong/1.3.0'} -+-+- b'{"message":"HMAC signature does not match"}'
2023-07-30 09:40:29,981INFO    :连接关闭
2023-07-30 09:41:16,217INFO    :连接关闭
2023-07-30 09:41:30,275ERROR   :错误代码：10005，内容：{'header': {'code': 10005, 'message': 'InvalidParamError:(09:41:31.340) app_id is not same to kong app_id', 'sid': 'cid000cfd93@dx189a475322db8f3540', 'status': 2}}
2023-07-30 09:41:30,477INFO    :连接关闭
2023-07-30 09:42:36,461INFO    :连接关闭
2023-07-30 09:43:00,411INFO    :连接关闭
2023-07-30 09:43:34,168INFO    :连接关闭
2023-07-30 09:45:22,551INFO    :连接关闭
2023-07-30 09:45:30,730INFO    :连接关闭
2023-07-30 09:45:47,046INFO    :连接关闭
2023-07-30 10:16:33,933INFO    :连接关闭
2023-07-30 10:23:48,980INFO    :连接关闭
2023-07-30 10:28:36,779INFO    :连接关闭
2023-07-30 10:29:07,925INFO    :连接关闭
2023-07-30 10:30:18,245INFO    :连接关闭
2023-07-30 10:35:51,598INFO    :连接关闭
2023-07-30 10:38:41,546INFO    :连接关闭
2023-07-30 10:40:43,902INFO    :连接关闭
2023-07-30 10:50:47,991INFO    :连接关闭
2023-07-30 10:51:19,556INFO    :连接关闭
2023-07-30 10:53:54,180INFO    :连接关闭
2023-07-30 11:28:13,518INFO    :连接关闭
2023-07-30 11:29:34,984INFO    :连接关闭
2023-07-30 11:30:10,638INFO    :连接关闭
2023-07-30 11:30:39,791INFO    :连接关闭
2023-07-30 11:31:00,582INFO    :连接关闭
2023-07-30 11:31:08,080INFO    :连接关闭
2023-07-30 11:31:58,796INFO    :连接关闭
2023-07-30 11:32:39,589INFO    :连接关闭
2023-07-30 11:32:52,100INFO    :连接关闭
2023-07-30 11:33:53,390INFO    :连接关闭
2023-07-30 11:36:06,776INFO    :连接关闭
2023-07-30 11:39:56,810INFO    :连接关闭
2023-07-30 21:08:29,458INFO    :连接关闭
2023-07-30 21:08:54,841INFO    :连接关闭
2023-07-30 21:09:30,033INFO    :连接关闭
2023-07-30 21:10:05,654INFO    :连接关闭
2023-07-30 21:10:42,651INFO    :连接关闭
2023-07-30 21:11:48,782INFO    :连接关闭
2023-07-30 21:12:08,784INFO    :连接关闭
2023-07-30 21:14:05,005INFO    :连接关闭
2023-07-30 21:14:28,405INFO    :连接关闭
2023-07-30 21:15:29,308INFO    :连接关闭
2023-07-30 21:16:10,509INFO    :连接关闭
2023-07-31 11:03:08,240ERROR   :错误代码：Handshake status 401 Unauthorized -+-+- {'date': 'Mon, 31 Jul 2023 03:03:09 GMT', 'content-type': 'application/json; charset=utf-8', 'connection': 'keep-alive', 'content-length': '76', 'server': 'kong/1.3.0'} -+-+- b'{"message":"HMAC signature cannot be verified: fail to retrieve credential"}'
2023-07-31 11:03:08,260INFO    :连接关闭
2023-07-31 11:03:43,984INFO    :连接关闭
2023-07-31 11:06:53,446INFO    :连接关闭
2023-07-31 11:08:17,831INFO    :连接关闭
2023-07-31 11:26:43,233ERROR   :错误代码：local variable 'text' referenced before assignment
2023-07-31 11:26:43,432INFO    :连接关闭
2023-07-31 11:26:52,949ERROR   :错误代码：local variable 'text' referenced before assignment
2023-07-31 11:26:53,149INFO    :连接关闭
2023-07-31 11:27:33,211ERROR   :错误代码：No module named 'c'
2023-07-31 11:27:33,343INFO    :连接关闭
2023-07-31 11:28:20,131ERROR   :错误代码：No module named 'e'
2023-07-31 11:28:20,282INFO    :连接关闭
2023-07-31 12:17:46,050INFO    :连接关闭
2023-07-31 12:18:02,935INFO    :连接关闭
2023-07-31 12:18:56,974INFO    :连接关闭
2023-07-31 12:19:15,455INFO    :连接关闭
2023-07-31 12:20:03,399INFO    :连接关闭
2023-07-31 12:20:28,620INFO    :连接关闭
2023-07-31 12:21:14,283INFO    :连接关闭
2023-07-31 12:21:53,928INFO    :连接关闭
2023-07-31 12:22:19,340INFO    :连接关闭
2023-07-31 19:28:48,615INFO    :连接关闭
2023-07-31 19:57:01,046INFO    :连接关闭
2023-08-19 20:30:03,113INFO    :连接关闭
2023-08-19 20:30:31,151INFO    :连接关闭
2023-09-07 10:36:51,859INFO    :连接关闭
2023-09-07 10:37:41,466INFO    :连接关闭
2023-09-07 10:37:50,316INFO    :连接关闭
2023-09-07 10:38:09,958INFO    :连接关闭
2023-09-07 10:41:54,354INFO    :连接关闭
2023-09-07 10:42:13,364INFO    :连接关闭
2023-09-07 10:42:39,744INFO    :连接关闭
2023-09-07 10:43:57,953INFO    :连接关闭
2023-09-07 10:44:15,061INFO    :连接关闭
2023-09-07 17:54:07,327INFO    :连接关闭
2023-09-07 17:54:22,020INFO    :连接关闭
2023-09-07 17:55:20,811INFO    :连接关闭
2023-09-07 18:03:29,838INFO    :连接关闭
2023-09-07 18:04:08,200INFO    :连接关闭
2023-09-07 18:17:13,127INFO    :连接关闭
2023-09-07 18:17:48,281INFO    :连接关闭
2023-09-07 18:21:45,965INFO    :连接关闭
2023-09-07 18:22:17,674INFO    :连接关闭
2023-09-08 10:37:29,903INFO    :连接关闭
2023-09-08 10:38:04,478INFO    :连接关闭
2023-09-08 10:39:22,829INFO    :连接关闭
2023-09-08 10:40:22,148INFO    :连接关闭
2023-09-08 10:40:33,493INFO    :连接关闭
2023-09-08 10:40:39,855INFO    :连接关闭
2023-09-08 10:44:38,532INFO    :连接关闭
2023-09-08 10:45:08,170INFO    :连接关闭
2023-09-08 10:45:29,519INFO    :连接关闭
2023-09-08 10:45:54,114INFO    :连接关闭
2023-09-08 10:46:14,616INFO    :连接关闭
2023-09-08 10:48:52,301INFO    :连接关闭
2023-09-10 11:13:15,006INFO    :连接关闭
2023-09-10 11:13:42,101INFO    :连接关闭
2023-09-10 11:14:15,424INFO    :连接关闭
2023-10-03 16:02:18,365INFO    :连接关闭
2024-04-15 21:21:03,808INFO    :连接关闭
2024-04-15 21:21:30,962INFO    :连接关闭
2024-06-04 21:40:02,732INFO    :连接关闭
2024-06-07 16:19:38,654INFO    :连接关闭
2024-08-14 07:00:33,780INFO    :连接关闭
2024-08-14 07:01:01,844INFO    :连接关闭
2024-08-14 07:01:26,311INFO    :连接关闭
2024-10-15 09:56:09,832INFO    :连接关闭
